#! /usr/bin/vvp
:ivl_version "11.0 (stable)";
:ivl_delay_selection "TYPICAL";
:vpi_time_precision - 12;
:vpi_module "/usr/lib/x86_64-linux-gnu/ivl/system.vpi";
:vpi_module "/usr/lib/x86_64-linux-gnu/ivl/vhdl_sys.vpi";
:vpi_module "/usr/lib/x86_64-linux-gnu/ivl/vhdl_textio.vpi";
:vpi_module "/usr/lib/x86_64-linux-gnu/ivl/v2005_math.vpi";
:vpi_module "/usr/lib/x86_64-linux-gnu/ivl/va_math.vpi";
S_0x643e3ccb0d90 .scope module, "Decoder" "Decoder" 2 11;
 .timescale -9 -12;
    .port_info 0 /INPUT 32 "inst";
    .port_info 1 /OUTPUT 3 "opcode";
    .port_info 2 /OUTPUT 5 "reg_addr_0";
    .port_info 3 /OUTPUT 5 "reg_addr_1";
    .port_info 4 /OUTPUT 5 "reg_addr_2";
    .port_info 5 /OUTPUT 15 "addr";
v0x643e3ccb0fc0_0 .net *"_ivl_13", 2 0, L_0x643e3ccfc380;  1 drivers
L_0x763aab65a018 .functor BUFT 1, C4<00>, C4<0>, C4<0>, C4<0>;
v0x643e3ccfb600_0 .net *"_ivl_17", 1 0, L_0x763aab65a018;  1 drivers
v0x643e3ccfb6e0_0 .net *"_ivl_5", 15 0, L_0x643e3ccfbff0;  1 drivers
v0x643e3ccfb7a0_0 .net "addr", 14 0, L_0x643e3ccfc0e0;  1 drivers
o0x763aab6a30d8 .functor BUFZ 32, C4<zzzzzzzzzzzzzzzzzzzzzzzzzzzzzzzz>; HiZ drive
v0x643e3ccfb880_0 .net "inst", 31 0, o0x763aab6a30d8;  0 drivers
v0x643e3ccfb9b0_0 .net "opcode", 2 0, L_0x643e3ccfbf50;  1 drivers
v0x643e3ccfba90_0 .net "reg_addr_0", 4 0, L_0x643e3ccfc200;  1 drivers
v0x643e3ccfbb70_0 .net "reg_addr_1", 4 0, L_0x643e3ccfc2a0;  1 drivers
v0x643e3ccfbc50_0 .net "reg_addr_2", 4 0, L_0x643e3ccfc420;  1 drivers
v0x643e3ccfbd30_0 .net "w1", 0 0, L_0x643e3ccfbeb0;  1 drivers
L_0x643e3ccfbeb0 .part L_0x643e3ccfbf50, 0, 1;
L_0x643e3ccfbf50 .part o0x763aab6a30d8, 29, 3;
L_0x643e3ccfbff0 .part o0x763aab6a30d8, 0, 16;
L_0x643e3ccfc0e0 .part L_0x643e3ccfbff0, 0, 15;
L_0x643e3ccfc200 .part o0x763aab6a30d8, 24, 5;
L_0x643e3ccfc2a0 .part o0x763aab6a30d8, 19, 5;
L_0x643e3ccfc380 .part o0x763aab6a30d8, 16, 3;
L_0x643e3ccfc420 .concat [ 3 2 0 0], L_0x643e3ccfc380, L_0x763aab65a018;
# The file index is used to find the file name in the following table.
:file_names 3;
    "N/A";
    "<interactive>";
    "Decoder.v";
